<?xml version="1.0" encoding="UTF-8"?>
<!-- Generated by org.testng.reporters.JUnitReportReporter -->
<testsuite hostname="DESKTOP-HSLV41C" name="com.autodesk.contacttest.DeleteContactTest" tests="1" failures="0" timestamp="15 Oct 2020 05:13:38 GMT" time="72.691" errors="0">
  <testcase name="createContactWithOrg" time="72.691" classname="com.autodesk.contacttest.DeleteContactTest"/>
</testsuite> <!-- com.autodesk.contacttest.DeleteContactTest -->
